<?xml version="1.0" encoding="UTF-8"?>
<testng-results skipped="0" failed="0" total="7" passed="7">
  <reporter-output>
  </reporter-output>
  <suite name="Default suite" duration-ms="27925" started-at="2017-01-23T12:09:30Z" finished-at="2017-01-23T12:09:58Z">
    <groups>
    </groups>
    <test name="Default test" duration-ms="27925" started-at="2017-01-23T12:09:30Z" finished-at="2017-01-23T12:09:58Z">
      <class name="HeyxTesting.Dynamics.Approval">
        <test-method status="PASS" signature="start()[pri:0, instance:HeyxTesting.Dynamics.Approval@46d56d67]" name="start" is-config="true" duration-ms="9000" started-at="2017-01-23T17:39:30Z" finished-at="2017-01-23T17:39:39Z">
          <reporter-output>
          </reporter-output>
        </test-method> <!-- start -->
        <test-method status="PASS" signature="authenticate()[pri:0, instance:HeyxTesting.Dynamics.Approval@46d56d67]" name="authenticate" duration-ms="5075" started-at="2017-01-23T17:39:39Z" finished-at="2017-01-23T17:39:44Z">
          <reporter-output>
          </reporter-output>
        </test-method> <!-- authenticate -->
        <test-method status="PASS" signature="checkApp(java.lang.String, java.lang.String, java.lang.String)[pri:0, instance:HeyxTesting.Dynamics.Approval@46d56d67]" name="checkApp" duration-ms="5104" started-at="2017-01-23T17:39:44Z" data-provider="data" finished-at="2017-01-23T17:39:49Z">
          <params>
            <param index="0">
              <value>
                <![CDATA[01/22/2017]]>
              </value>
            </param>
            <param index="1">
              <value>
                <![CDATA[Linney Young]]>
              </value>
            </param>
            <param index="2">
              <value>
                <![CDATA[Approved]]>
              </value>
            </param>
          </params>
          <reporter-output>
          </reporter-output>
        </test-method> <!-- checkApp -->
        <test-method status="PASS" signature="select()[pri:0, instance:HeyxTesting.Dynamics.Approval@46d56d67]" name="select" duration-ms="202" started-at="2017-01-23T17:39:49Z" finished-at="2017-01-23T17:39:50Z">
          <reporter-output>
          </reporter-output>
        </test-method> <!-- select -->
        <test-method status="PASS" signature="search(java.lang.String)[pri:0, instance:HeyxTesting.Dynamics.Approval@46d56d67]" name="search" duration-ms="2081" started-at="2017-01-23T17:39:50Z" data-provider="search" finished-at="2017-01-23T17:39:52Z">
          <params>
            <param index="0">
              <value>
                <![CDATA[l]]>
              </value>
            </param>
          </params>
          <reporter-output>
          </reporter-output>
        </test-method> <!-- search -->
        <test-method status="PASS" signature="search(java.lang.String)[pri:0, instance:HeyxTesting.Dynamics.Approval@46d56d67]" name="search" duration-ms="2090" started-at="2017-01-23T17:39:52Z" data-provider="search" finished-at="2017-01-23T17:39:54Z">
          <params>
            <param index="0">
              <value>
                <![CDATA[y]]>
              </value>
            </param>
          </params>
          <reporter-output>
          </reporter-output>
        </test-method> <!-- search -->
        <test-method status="PASS" signature="search(java.lang.String)[pri:0, instance:HeyxTesting.Dynamics.Approval@46d56d67]" name="search" duration-ms="2104" started-at="2017-01-23T17:39:54Z" data-provider="search" finished-at="2017-01-23T17:39:56Z">
          <params>
            <param index="0">
              <value>
                <![CDATA[s]]>
              </value>
            </param>
          </params>
          <reporter-output>
          </reporter-output>
        </test-method> <!-- search -->
        <test-method status="PASS" signature="alignment()[pri:0, instance:HeyxTesting.Dynamics.Approval@46d56d67]" name="alignment" duration-ms="2240" started-at="2017-01-23T17:39:56Z" finished-at="2017-01-23T17:39:58Z">
          <reporter-output>
          </reporter-output>
        </test-method> <!-- alignment -->
        <test-method status="PASS" signature="afterTest()[pri:0, instance:HeyxTesting.Dynamics.Approval@46d56d67]" name="afterTest" is-config="true" duration-ms="0" started-at="2017-01-23T17:39:58Z" finished-at="2017-01-23T17:39:58Z">
          <reporter-output>
          </reporter-output>
        </test-method> <!-- afterTest -->
      </class> <!-- HeyxTesting.Dynamics.Approval -->
    </test> <!-- Default test -->
  </suite> <!-- Default suite -->
</testng-results>
